<?xml version="1.0" encoding="UTF-8" ?>
<testsuite failures="0" time="0" errors="0" skipped="0" tests="5" name="com.javaworld.hotels.model.HotelModelTest">
  <properties>
[...]
</properties>
  <testcase time="0" classname="com.javaworld.hotels.model.HotelModelTest" name="testFindHotelsByCity1"/>
  <testcase time="0" classname="com.javaworld.hotels.model.HotelModelTest" name="testFindHotelsByCity2"/>
  <testcase time="0" classname="com.javaworld.hotels.model.HotelModelTest" name="testFindHotelsByEmptyCity"/>
  <testcase time="0" classname="com.javaworld.hotels.model.HotelModelTest" name="testFindHotelsByNullCity"/>
  <testcase time="0" classname="com.javaworld.hotels.model.HotelModelTest" name="testFindAvaliableCities"/>
</testsuite>